<?xml version='1.0' encoding='UTF-8'?>
<testsuite hostname="LAPTOP-616OKG5R" name="perf.Stability" tests="1" errors="0" failures="1" skipped="0" time="3611549.988" timestamp="2022-10-15T22:35:45">
          <properties>
      <property name="awt.toolkit" value="sun.awt.windows.WToolkit"/><property name="java.specification.version" value="11"/><property name="sun.cpu.isalist" value="amd64"/><property name="sun.jnu.encoding" value="Cp1251"/><property name="sun.arch.data.model" value="64"/><property name="java.vendor.url" value="https://adoptium.net/"/><property name="jline.terminal" value="none"/><property name="sun.boot.library.path" value="C:\Program Files\Eclipse Adoptium\jdk-11.0.16.101-hotspot\bin"/><property name="sun.java.command" value="xsbt.boot.Boot Gatling/testOnly perf.Stability"/><property name="jdk.debug" value="release"/><property name="java.specification.vendor" value="Oracle Corporation"/><property name="java.version.date" value="2022-08-12"/><property name="java.home" value="C:\Program Files\Eclipse Adoptium\jdk-11.0.16.101-hotspot"/><property name="file.separator" value="\"/><property name="java.vm.compressedOopsMode" value="32-bit"/><property name="line.separator" value="
"/><property name="java.specification.name" value="Java Platform API Specification"/><property name="java.vm.specification.vendor" value="Oracle Corporation"/><property name="user.script" value=""/><property name="sun.management.compiler" value="HotSpot 64-Bit Tiered Compilers"/><property name="java.runtime.version" value="11.0.16.1+1"/><property name="user.name" value="Julia"/><property name="log4j.ignoreTCL" value="true"/><property name="file.encoding" value="windows-1251"/><property name="jnidispatch.path" value="C:\Users\Julia\AppData\Local\Temp\jna-71933241\jna14422590621248889869.dll"/><property name="java.vendor.version" value="Temurin-11.0.16.1+1"/><property name="jna.loaded" value="true"/><property name="java.io.tmpdir" value="C:\Users\Julia\AppData\Local\Temp\"/><property name="java.version" value="11.0.16.1"/><property name="java.vm.specification.name" value="Java Virtual Machine Specification"/><property name="java.awt.printerjob" value="sun.awt.windows.WPrinterJob"/><property name="sun.os.patch.level" value=""/><property name="java.library.path" value="C:\Program Files\Eclipse Adoptium\jdk-11.0.16.101-hotspot\bin;C:\WINDOWS\Sun\Java\bin;C:\WINDOWS\system32;C:\WINDOWS;C:\Program Files\Eclipse Adoptium\jdk-11.0.16.101-hotspot\bin;C:\WINDOWS\system32;C:\WINDOWS;C:\WINDOWS\System32\Wbem;C:\WINDOWS\System32\WindowsPowerShell\v1.0\;C:\WINDOWS\System32\OpenSSH\;C:\Program Files\nodejs\;C:\chromedriver;C:\strawberry\c\bin;C:\strawberry\perl\bin;C:\Program Files\Git\cmd;C:\Users\Julia\jdk-17.0.2\Bin;C:\Program Files (x86)\dotnet\;C:\Program Files (x86)\sbt\bin;C:\Users\Julia\AppData\Local\Programs\Python\Python38\Scripts\;C:\Users\Julia\AppData\Local\Programs\Python\Python38\;C:\Users\Julia\AppData\Local\Programs\Python\Python39\Scripts\;C:\Users\Julia\AppData\Local\Programs\Python\Python39\;C:\Users\Юлия\AppData\Local\Programs\Python\Python39\Scripts\;C:\Users\Юлия\AppData\Local\Programs\Python\Python39\;C:\Users\Julia\AppData\Local\Microsoft\WindowsApps;C:\Users\Julia\AppData\Roaming\npm;C:\Program Files\JetBrains\IntelliJ IDEA 2021.3\bin;;."/><property name="java.vendor" value="Eclipse Adoptium"/><property name="sun.io.unicode.encoding" value="UnicodeLittle"/><property name="sun.desktop" value="windows"/><property name="java.class.path" value="C:\Users\Julia\AppData\Roaming\JetBrains\IdeaIC2021.3\plugins\Scala\launcher\sbt-launch.jar"/><property name="java.vm.vendor" value="Eclipse Adoptium"/><property name="user.variant" value=""/><property name="jline.shutdownhook" value="false"/><property name="user.timezone" value="Europe/Moscow"/><property name="os.name" value="Windows 10"/><property name="java.vm.specification.version" value="11"/><property name="sun.java.launcher" value="SUN_STANDARD"/><property name="user.country" value="RU"/><property name="sun.cpu.endian" value="little"/><property name="user.home" value="C:\Users\Julia"/><property name="user.language" value="ru"/><property name="swoval.tmpdir" value="C:\Users\Julia\.sbt\1.0"/><property name="java.awt.graphicsenv" value="sun.awt.Win32GraphicsEnvironment"/><property name="jline.esc.timeout" value="0"/><property name="path.separator" value=";"/><property name="os.version" value="10.0"/><property name="jna.nosys" value="true"/><property name="java.runtime.name" value="OpenJDK Runtime Environment"/><property name="java.vm.name" value="OpenJDK 64-Bit Server VM"/><property name="java.vendor.url.bug" value="https://github.com/adoptium/adoptium-support/issues"/><property name="user.dir" value="C:\Users\Julia\Desktop\НТ\ДЗ\New\perf"/><property name="os.arch" value="amd64"/><property name="java.vm.info" value="mixed mode"/><property name="java.vm.version" value="11.0.16.1+1"/><property name="java.class.version" value="55.0"/>
    </properties>
          <testcase classname="perf.Stability" name="" time="3611549.988">
                      <failure message="No Exception or message provided"/>
                    </testcase>
          <system-out><![CDATA[]]></system-out>
          <system-err><![CDATA[]]></system-err>
        </testsuite>